Using pre-set license
Built from '2020.3/staging' branch; Version is '2020.3.0f1 (c7b5465681fb) revision 13088070'; Using compiler version '192528614'; Build Type 'Release'
OS: 'Windows 10 Pro; OS build 19042.985; Version 2009; 64bit' Language: 'en' Physical Memory: 16253 MB
BatchMode: 1, IsHumanControllingUs: 0, StartBugReporterOnCrash: 0, Is64bit: 1, IsPro: 0

 COMMAND LINE ARGUMENTS:
C:\Program Files\Unity\Hub\Editor\2020.3.0f1\Editor\Unity.exe
-adb2
-batchMode
-noUpm
-name
AssetImportWorker0
-projectPath
C:/Users/Seby/Desktop/Faculta/Licenta/PC-Building-Sim/PC Building Sim
-logFile
Logs/AssetImportWorker0.log
-srvPort
54469
Successfully changed project path to: C:/Users/Seby/Desktop/Faculta/Licenta/PC-Building-Sim/PC Building Sim
C:/Users/Seby/Desktop/Faculta/Licenta/PC-Building-Sim/PC Building Sim
Using Asset Import Pipeline V2.
Refreshing native plugins compatible for Editor in 41.75 ms, found 0 plugins.
Preloading 0 native plugins for Editor in 0.00 ms.
Initialize engine version: 2020.3.0f1 (c7b5465681fb)
[Subsystems] Discovering subsystems at path C:/Program Files/Unity/Hub/Editor/2020.3.0f1/Editor/Data/Resources/UnitySubsystems
[Subsystems] Discovering subsystems at path C:/Users/Seby/Desktop/Faculta/Licenta/PC-Building-Sim/PC Building Sim/Assets
GfxDevice: creating device client; threaded=0
Direct3D:
    Version:  Direct3D 11.0 [level 11.1]
    Renderer: NVIDIA GeForce RTX 2060 (ID=0x1f15)
    Vendor:   
    VRAM:     5980 MB
    Driver:   27.21.14.6647
Initialize mono
Mono path[0] = 'C:/Program Files/Unity/Hub/Editor/2020.3.0f1/Editor/Data/Managed'
Mono path[1] = 'C:/Program Files/Unity/Hub/Editor/2020.3.0f1/Editor/Data/MonoBleedingEdge/lib/mono/unityjit'
Mono config path = 'C:/Program Files/Unity/Hub/Editor/2020.3.0f1/Editor/Data/MonoBleedingEdge/etc'
Using monoOptions --debugger-agent=transport=dt_socket,embedding=1,server=y,suspend=n,address=127.0.0.1:56568
Begin MonoManager ReloadAssembly
Registering precompiled unity dll's ...
Register platform support module: C:/Program Files/Unity/Hub/Editor/2020.3.0f1/Editor/Data/PlaybackEngines/WindowsStandaloneSupport/UnityEditor.WindowsStandalone.Extensions.dll
Registered in 0.001613 seconds.
Native extension for WindowsStandalone target not found
Refreshing native plugins compatible for Editor in 41.60 ms, found 0 plugins.
Preloading 0 native plugins for Editor in 0.00 ms.
Invoked RoslynAnalysisRunner static constructor.
RoslynAnalysisRunner will not be running.
RoslynAnalysisRunner has terminated.
Mono: successfully reloaded assembly
- Completed reload, in  1.620 seconds
Platform modules already initialized, skipping
Registering precompiled user dll's ...
Registered in 0.001345 seconds.
Begin MonoManager ReloadAssembly
Native extension for WindowsStandalone target not found
Refreshing native plugins compatible for Editor in 43.17 ms, found 0 plugins.
Preloading 0 native plugins for Editor in 0.00 ms.
Invoked RoslynAnalysisRunner static constructor.
RoslynAnalysisRunner will not be running.
RoslynAnalysisRunner has terminated.
Mono: successfully reloaded assembly
- Completed reload, in  0.844 seconds
Platform modules already initialized, skipping
========================================================================
Worker process is ready to serve import requests
Shader 'Universal Render Pipeline/Particles/Lit': fallback shader 'Universal Render Pipeline/Particles/SimpleLit' not found
Shader 'Universal Render Pipeline/Particles/Lit': fallback shader 'Universal Render Pipeline/Particles/SimpleLit' not found
Launched and connected shader compiler UnityShaderCompiler.exe after 0.04 seconds
Refreshing native plugins compatible for Editor in 0.44 ms, found 0 plugins.
Preloading 0 native plugins for Editor in 0.00 ms.
Unloading 2448 Unused Serialized files (Serialized files now loaded: 0)
System memory in use before: 118.7 MB.
System memory in use after: 116.4 MB.

Unloading 45 unused Assets to reduce memory usage. Loaded Objects now: 2859.
Total: 3.702500 ms (FindLiveObjects: 0.276400 ms CreateObjectMapping: 0.070400 ms MarkObjects: 2.259500 ms  DeleteObjects: 1.094800 ms)

========================================================================
Received Import Request.
  path: Assets/Prefabs/Shop/Default_shop_item.prefab
  artifactKey: Guid(e5f65853ac89b9e4f8c6b4232ad43faf) Importer(815301076,1909f56bfc062723c751e8b465ee728b)
Start importing Assets/Prefabs/Shop/Default_shop_item.prefab using Guid(e5f65853ac89b9e4f8c6b4232ad43faf) Importer(815301076,1909f56bfc062723c751e8b465ee728b)  -> (artifact id: '09ce06942c4d53e75bee796cf4283609') in 0.103903 seconds
  Import took 0.108138 seconds .

========================================================================
Received Import Request.
  Time since last request: 1.207159 seconds.
  path: Assets/Prefabs/Shop/Default_shop_item.prefab
  artifactKey: Guid(e5f65853ac89b9e4f8c6b4232ad43faf) Importer(815301076,1909f56bfc062723c751e8b465ee728b)
Start importing Assets/Prefabs/Shop/Default_shop_item.prefab using Guid(e5f65853ac89b9e4f8c6b4232ad43faf) Importer(815301076,1909f56bfc062723c751e8b465ee728b)  -> (artifact id: '0b6c7354c9ebd40d8c48f5afc9f7a038') in 0.020917 seconds
  Import took 0.024653 seconds .

========================================================================
Received Import Request.
  Time since last request: 67.621942 seconds.
  path: Assets/Scenes/ShopScene.unity
  artifactKey: Guid(1a397925e1c12a14a9bb3e67861c7c5f) Importer(815301076,1909f56bfc062723c751e8b465ee728b)
Start importing Assets/Scenes/ShopScene.unity using Guid(1a397925e1c12a14a9bb3e67861c7c5f) Importer(815301076,1909f56bfc062723c751e8b465ee728b)  -> (artifact id: 'ed76cdba426d9cf023514cc42a3a7ac5') in 0.007148 seconds
  Import took 0.011241 seconds .

========================================================================
Received Import Request.
  Time since last request: 71.111129 seconds.
  path: Assets/Scenes/ShopScene.unity
  artifactKey: Guid(1a397925e1c12a14a9bb3e67861c7c5f) Importer(815301076,1909f56bfc062723c751e8b465ee728b)
Start importing Assets/Scenes/ShopScene.unity using Guid(1a397925e1c12a14a9bb3e67861c7c5f) Importer(815301076,1909f56bfc062723c751e8b465ee728b)  -> (artifact id: 'fbe5f7858fffdd688f69f3445be18bf4') in 0.002690 seconds
  Import took 0.006481 seconds .

========================================================================
Received Import Request.
  Time since last request: 45.377282 seconds.
  path: Assets/Scenes/ShopScene.unity
  artifactKey: Guid(1a397925e1c12a14a9bb3e67861c7c5f) Importer(815301076,1909f56bfc062723c751e8b465ee728b)
Start importing Assets/Scenes/ShopScene.unity using Guid(1a397925e1c12a14a9bb3e67861c7c5f) Importer(815301076,1909f56bfc062723c751e8b465ee728b)  -> (artifact id: 'a9f39384a0f2eb940d3fdcb343fe4311') in 0.002680 seconds
  Import took 0.006405 seconds .

========================================================================
Received Import Request.
  Time since last request: 200.708567 seconds.
  path: Assets/Prefabs/Shop/Default_shop_item.prefab
  artifactKey: Guid(e5f65853ac89b9e4f8c6b4232ad43faf) Importer(815301076,1909f56bfc062723c751e8b465ee728b)
Start importing Assets/Prefabs/Shop/Default_shop_item.prefab using Guid(e5f65853ac89b9e4f8c6b4232ad43faf) Importer(815301076,1909f56bfc062723c751e8b465ee728b)  -> (artifact id: 'da0c58ce2c64868fc9c408f71d96b356') in 0.019833 seconds
  Import took 0.023576 seconds .

========================================================================
Received Import Request.
  Time since last request: 776.996936 seconds.
  path: Assets/Prefabs/Shop/Default_shop_item.prefab
  artifactKey: Guid(e5f65853ac89b9e4f8c6b4232ad43faf) Importer(815301076,1909f56bfc062723c751e8b465ee728b)
Start importing Assets/Prefabs/Shop/Default_shop_item.prefab using Guid(e5f65853ac89b9e4f8c6b4232ad43faf) Importer(815301076,1909f56bfc062723c751e8b465ee728b)  -> (artifact id: 'dd6dea8ba03e46983e2d9b67ae6222d2') in 0.021298 seconds
  Import took 0.025487 seconds .

========================================================================
Received Import Request.
  Time since last request: 36.145581 seconds.
  path: Assets/Prefabs/Shop/Default_shop_item.prefab
  artifactKey: Guid(e5f65853ac89b9e4f8c6b4232ad43faf) Importer(815301076,1909f56bfc062723c751e8b465ee728b)
Start importing Assets/Prefabs/Shop/Default_shop_item.prefab using Guid(e5f65853ac89b9e4f8c6b4232ad43faf) Importer(815301076,1909f56bfc062723c751e8b465ee728b)  -> (artifact id: '7dc5f4b45abdef084711755d487b6b4e') in 0.022677 seconds
  Import took 0.026792 seconds .

========================================================================
Received Import Request.
  Time since last request: 3.777347 seconds.
  path: Assets/Prefabs/Shop/Default_shop_item.prefab
  artifactKey: Guid(e5f65853ac89b9e4f8c6b4232ad43faf) Importer(815301076,1909f56bfc062723c751e8b465ee728b)
Start importing Assets/Prefabs/Shop/Default_shop_item.prefab using Guid(e5f65853ac89b9e4f8c6b4232ad43faf) Importer(815301076,1909f56bfc062723c751e8b465ee728b)  -> (artifact id: '37f9280e8f51b4349444906db2c640fe') in 0.020646 seconds
  Import took 0.024704 seconds .

========================================================================
Received Import Request.
  Time since last request: 2.386147 seconds.
  path: Assets/Prefabs/Shop/Default_shop_item.prefab
  artifactKey: Guid(e5f65853ac89b9e4f8c6b4232ad43faf) Importer(815301076,1909f56bfc062723c751e8b465ee728b)
Start importing Assets/Prefabs/Shop/Default_shop_item.prefab using Guid(e5f65853ac89b9e4f8c6b4232ad43faf) Importer(815301076,1909f56bfc062723c751e8b465ee728b)  -> (artifact id: 'ef3021c77f1f1f82208d6acf307fed92') in 0.022253 seconds
  Import took 0.026341 seconds .

========================================================================
Received Import Request.
  Time since last request: 2.602804 seconds.
  path: Assets/Prefabs/Shop/Default_shop_item.prefab
  artifactKey: Guid(e5f65853ac89b9e4f8c6b4232ad43faf) Importer(815301076,1909f56bfc062723c751e8b465ee728b)
Start importing Assets/Prefabs/Shop/Default_shop_item.prefab using Guid(e5f65853ac89b9e4f8c6b4232ad43faf) Importer(815301076,1909f56bfc062723c751e8b465ee728b)  -> (artifact id: '45af1a8587dadcbf20e76e0b934f9a2d') in 0.023389 seconds
  Import took 0.027623 seconds .

========================================================================
Received Import Request.
  Time since last request: 6.231354 seconds.
  path: Assets/Prefabs/Shop/Default_shop_item.prefab
  artifactKey: Guid(e5f65853ac89b9e4f8c6b4232ad43faf) Importer(815301076,1909f56bfc062723c751e8b465ee728b)
Start importing Assets/Prefabs/Shop/Default_shop_item.prefab using Guid(e5f65853ac89b9e4f8c6b4232ad43faf) Importer(815301076,1909f56bfc062723c751e8b465ee728b)  -> (artifact id: '7874da837e77c608c73c8f0715d750ba') in 0.020531 seconds
  Import took 0.024276 seconds .

========================================================================
Received Import Request.
  Time since last request: 1.988881 seconds.
  path: Assets/Prefabs/Shop/Default_shop_item.prefab
  artifactKey: Guid(e5f65853ac89b9e4f8c6b4232ad43faf) Importer(815301076,1909f56bfc062723c751e8b465ee728b)
Start importing Assets/Prefabs/Shop/Default_shop_item.prefab using Guid(e5f65853ac89b9e4f8c6b4232ad43faf) Importer(815301076,1909f56bfc062723c751e8b465ee728b)  -> (artifact id: '90332c1d5b05fc2ae4184b01e9c01732') in 0.021157 seconds
  Import took 0.025034 seconds .

========================================================================
Received Import Request.
  Time since last request: 5.428919 seconds.
  path: Assets/Prefabs/Shop/Default_shop_item.prefab
  artifactKey: Guid(e5f65853ac89b9e4f8c6b4232ad43faf) Importer(815301076,1909f56bfc062723c751e8b465ee728b)
Start importing Assets/Prefabs/Shop/Default_shop_item.prefab using Guid(e5f65853ac89b9e4f8c6b4232ad43faf) Importer(815301076,1909f56bfc062723c751e8b465ee728b)  -> (artifact id: '03de99a5907f3b09d19a42d3cd20535f') in 0.019951 seconds
  Import took 0.023933 seconds .

========================================================================
Received Import Request.
  Time since last request: 9.260472 seconds.
  path: Assets/Prefabs/Shop/Default_shop_item.prefab
  artifactKey: Guid(e5f65853ac89b9e4f8c6b4232ad43faf) Importer(815301076,1909f56bfc062723c751e8b465ee728b)
Start importing Assets/Prefabs/Shop/Default_shop_item.prefab using Guid(e5f65853ac89b9e4f8c6b4232ad43faf) Importer(815301076,1909f56bfc062723c751e8b465ee728b)  -> (artifact id: 'bb89e4f40bf91e1092f072a4e35080f2') in 0.020232 seconds
  Import took 0.024078 seconds .

========================================================================
Received Import Request.
  Time since last request: 21.730709 seconds.
  path: Assets/Scenes/ShopScene.unity
  artifactKey: Guid(1a397925e1c12a14a9bb3e67861c7c5f) Importer(815301076,1909f56bfc062723c751e8b465ee728b)
Start importing Assets/Scenes/ShopScene.unity using Guid(1a397925e1c12a14a9bb3e67861c7c5f) Importer(815301076,1909f56bfc062723c751e8b465ee728b)  -> (artifact id: '0584d12aa64edee4b7209b38f4ea96d7') in 0.002710 seconds
  Import took 0.006750 seconds .

========================================================================
Received Import Request.
  Time since last request: 218.697838 seconds.
  path: Assets/Prefabs/Shop/Default_shop_item.prefab
  artifactKey: Guid(e5f65853ac89b9e4f8c6b4232ad43faf) Importer(815301076,1909f56bfc062723c751e8b465ee728b)
Start importing Assets/Prefabs/Shop/Default_shop_item.prefab using Guid(e5f65853ac89b9e4f8c6b4232ad43faf) Importer(815301076,1909f56bfc062723c751e8b465ee728b)  -> (artifact id: 'fd9d58bd10c9227bc3a378fee11119da') in 0.021136 seconds
  Import took 0.025556 seconds .

========================================================================
Received Import Request.
  Time since last request: 7.758783 seconds.
  path: Assets/Prefabs/Shop/Default_shop_item.prefab
  artifactKey: Guid(e5f65853ac89b9e4f8c6b4232ad43faf) Importer(815301076,1909f56bfc062723c751e8b465ee728b)
Start importing Assets/Prefabs/Shop/Default_shop_item.prefab using Guid(e5f65853ac89b9e4f8c6b4232ad43faf) Importer(815301076,1909f56bfc062723c751e8b465ee728b)  -> (artifact id: '515442c70c1bd0b4d555c71f77f49267') in 0.021034 seconds
  Import took 0.024844 seconds .

========================================================================
Received Import Request.
  Time since last request: 37.009119 seconds.
  path: Assets/Prefabs/Shop/Default_shop_item.prefab
  artifactKey: Guid(e5f65853ac89b9e4f8c6b4232ad43faf) Importer(815301076,1909f56bfc062723c751e8b465ee728b)
Start importing Assets/Prefabs/Shop/Default_shop_item.prefab using Guid(e5f65853ac89b9e4f8c6b4232ad43faf) Importer(815301076,1909f56bfc062723c751e8b465ee728b)  -> (artifact id: 'f67d96daa53372e694821746b975db14') in 0.021845 seconds
  Import took 0.025558 seconds .

========================================================================
Received Import Request.
  Time since last request: 15.325412 seconds.
  path: Assets/Prefabs/Shop/Default_shop_item.prefab
  artifactKey: Guid(e5f65853ac89b9e4f8c6b4232ad43faf) Importer(815301076,1909f56bfc062723c751e8b465ee728b)
Start importing Assets/Prefabs/Shop/Default_shop_item.prefab using Guid(e5f65853ac89b9e4f8c6b4232ad43faf) Importer(815301076,1909f56bfc062723c751e8b465ee728b)  -> (artifact id: '70ac5a949dee9c78bd97d1ee0b030b94') in 0.021470 seconds
  Import took 0.025265 seconds .

========================================================================
Received Import Request.
  Time since last request: 7.032609 seconds.
  path: Assets/Prefabs/Shop/Default_shop_item.prefab
  artifactKey: Guid(e5f65853ac89b9e4f8c6b4232ad43faf) Importer(815301076,1909f56bfc062723c751e8b465ee728b)
Start importing Assets/Prefabs/Shop/Default_shop_item.prefab using Guid(e5f65853ac89b9e4f8c6b4232ad43faf) Importer(815301076,1909f56bfc062723c751e8b465ee728b)  -> (artifact id: '6289f55af62cb26ca10c8bf453b130df') in 0.020543 seconds
  Import took 0.024392 seconds .

========================================================================
Received Import Request.
  Time since last request: 64.269296 seconds.
  path: Assets/Scenes/ShopScene.unity
  artifactKey: Guid(1a397925e1c12a14a9bb3e67861c7c5f) Importer(815301076,1909f56bfc062723c751e8b465ee728b)
Start importing Assets/Scenes/ShopScene.unity using Guid(1a397925e1c12a14a9bb3e67861c7c5f) Importer(815301076,1909f56bfc062723c751e8b465ee728b)  -> (artifact id: '55ef0b948a27a17a1583ae5943b33367') in 0.002875 seconds
  Import took 0.006520 seconds .

========================================================================
Received Import Request.
  Time since last request: 94.099598 seconds.
  path: Assets/Scenes/ShopScene.unity
  artifactKey: Guid(1a397925e1c12a14a9bb3e67861c7c5f) Importer(815301076,1909f56bfc062723c751e8b465ee728b)
Start importing Assets/Scenes/ShopScene.unity using Guid(1a397925e1c12a14a9bb3e67861c7c5f) Importer(815301076,1909f56bfc062723c751e8b465ee728b)  -> (artifact id: '760578f7cefdbcba8effb631aade1304') in 0.011534 seconds
  Import took 0.015947 seconds .

========================================================================
Received Import Request.
  Time since last request: 0.000791 seconds.
  path: Assets/Scenes/ShopScene.unity
  artifactKey: Guid(1a397925e1c12a14a9bb3e67861c7c5f) Importer(815301076,1909f56bfc062723c751e8b465ee728b)
Start importing Assets/Scenes/ShopScene.unity using Guid(1a397925e1c12a14a9bb3e67861c7c5f) Importer(815301076,1909f56bfc062723c751e8b465ee728b)  -> (artifact id: '760578f7cefdbcba8effb631aade1304') in 0.002475 seconds
  Import took 0.005922 seconds .

========================================================================
Received Prepare
Registering precompiled user dll's ...
Registered in 0.001195 seconds.
Begin MonoManager ReloadAssembly
Native extension for WindowsStandalone target not found
Refreshing native plugins compatible for Editor in 0.42 ms, found 0 plugins.
Preloading 0 native plugins for Editor in 0.00 ms.
Invoked RoslynAnalysisRunner static constructor.
RoslynAnalysisRunner will not be running.
RoslynAnalysisRunner has terminated.
Mono: successfully reloaded assembly
- Completed reload, in  0.778 seconds
Platform modules already initialized, skipping
Shader 'Universal Render Pipeline/Particles/Lit': fallback shader 'Universal Render Pipeline/Particles/SimpleLit' not found
Shader 'Universal Render Pipeline/Particles/Lit': fallback shader 'Universal Render Pipeline/Particles/SimpleLit' not found
Refreshing native plugins compatible for Editor in 0.42 ms, found 0 plugins.
Preloading 0 native plugins for Editor in 0.00 ms.
Unloading 2358 Unused Serialized files (Serialized files now loaded: 0)
System memory in use before: 114.4 MB.
System memory in use after: 112.2 MB.

Unloading 42 unused Assets to reduce memory usage. Loaded Objects now: 2862.
Total: 3.342900 ms (FindLiveObjects: 0.252400 ms CreateObjectMapping: 0.064000 ms MarkObjects: 1.821400 ms  DeleteObjects: 1.203600 ms)

AssetImportWorkerClient::OnTransportError - code=2 error=End of file
